<?xml version="1.0" encoding="UTF-8"?>
<!-- Generated by org.testng.reporters.JUnitXMLReporter -->
<testsuite ignored="2" hostname="AGI-LT-847" failures="0" tests="0" time="0.018" errors="0" timestamp="2021-10-07T12:53:46 IST">
  <testcase classname="com.maven.ArisB3.MavenProject.MVNTest6" name="OpenFB" time="0.0">
    <ignored/>
  </testcase> <!-- OpenFB -->
  <testcase classname="com.maven.ArisB3.MavenProject.MVNTest7" name="OpenAmazon" time="0.0">
    <ignored/>
  </testcase> <!-- OpenAmazon -->
</testsuite>
