<?xml version="1.0" encoding="UTF-8"?>
<!-- Generated by org.testng.reporters.JUnitXMLReporter -->
<testsuite ignored="0" hostname="AGI-LT-847" failures="1" tests="1" name="Test1" time="3.635" errors="0" timestamp="2021-10-12T12:08:16 IST">
  <testcase classname="AmazonTest001.AmazonTC001" name="TestCase001" time="3.556">
    <failure type="java.lang.NullPointerException" message="Cannot invoke &amp;quot;java.util.Properties.getProperty(String)&amp;quot; because &amp;quot;this.prop&amp;quot; is null">
      <![CDATA[java.lang.NullPointerException: Cannot invoke "java.util.Properties.getProperty(String)" because "this.prop" is null
at AmazonTest001.AmazonTC001.TestCase001(AmazonTC001.java:23)
at java.base/java.util.ArrayList.forEach(ArrayList.java:1511)
... Removed 27 stack frames]]>
    </failure>
  </testcase> <!-- TestCase001 -->
</testsuite> <!-- Test1 -->
