<?xml version="1.0" encoding="UTF-8"?>
<testng-results ignored="0" total="1" passed="1" failed="0" skipped="0">
  <reporter-output>
  </reporter-output>
  <suite started-at="2021-10-12T13:01:35 IST" name="Default suite" finished-at="2021-10-12T13:02:06 IST" duration-ms="31374">
    <groups>
    </groups>
    <test started-at="2021-10-12T13:01:35 IST" name="Default test" finished-at="2021-10-12T13:02:06 IST" duration-ms="31374">
      <class name="AmazonTest001.AmazonTC001">
        <test-method signature="TestCase001()[pri:0, instance:AmazonTest001.AmazonTC001@378542de]" started-at="2021-10-12T13:01:35 IST" name="TestCase001" finished-at="2021-10-12T13:02:06 IST" duration-ms="31221" status="PASS">
          <reporter-output>
          </reporter-output>
        </test-method> <!-- TestCase001 -->
      </class> <!-- AmazonTest001.AmazonTC001 -->
    </test> <!-- Default test -->
  </suite> <!-- Default suite -->
</testng-results>
