<?xml version="1.0" encoding="UTF-8"?>
<testng-results ignored="0" total="2" passed="2" failed="0" skipped="0">
  <reporter-output>
  </reporter-output>
  <suite started-at="2021-10-07T13:10:26 IST" name="Suite" finished-at="2021-10-07T13:10:39 IST" duration-ms="13776">
    <groups>
      <group name="R1">
        <method signature="MVNTest6.OpenFB(java.lang.String)[pri:0, instance:com.maven.ArisB3.MavenProject.MVNTest6@747edf66]" name="OpenFB" class="com.maven.ArisB3.MavenProject.MVNTest6"/>
        <method signature="MVNTest7.OpenAmazon()[pri:0, instance:com.maven.ArisB3.MavenProject.MVNTest7@51dcb805]" name="OpenAmazon" class="com.maven.ArisB3.MavenProject.MVNTest7"/>
      </group> <!-- R1 -->
    </groups>
    <test started-at="2021-10-07T13:10:26 IST" name="Test" finished-at="2021-10-07T13:10:39 IST" duration-ms="13776">
      <class name="com.maven.ArisB3.MavenProject.MVNTest6">
        <test-method signature="OpenFB(java.lang.String)[pri:0, instance:com.maven.ArisB3.MavenProject.MVNTest6@747edf66]" started-at="2021-10-07T13:10:26 IST" name="OpenFB" finished-at="2021-10-07T13:10:39 IST" duration-ms="13670" status="PASS">
          <params>
            <param index="0">
              <value>
                <![CDATA[https://www.facebook.com/]]>
              </value>
            </param>
          </params>
          <reporter-output>
          </reporter-output>
        </test-method> <!-- OpenFB -->
      </class> <!-- com.maven.ArisB3.MavenProject.MVNTest6 -->
      <class name="com.maven.ArisB3.MavenProject.MVNTest7">
        <test-method signature="OpenAmazon()[pri:0, instance:com.maven.ArisB3.MavenProject.MVNTest7@51dcb805]" started-at="2021-10-07T13:10:26 IST" name="OpenAmazon" finished-at="2021-10-07T13:10:38 IST" duration-ms="12195" status="PASS">
          <reporter-output>
          </reporter-output>
        </test-method> <!-- OpenAmazon -->
      </class> <!-- com.maven.ArisB3.MavenProject.MVNTest7 -->
    </test> <!-- Test -->
  </suite> <!-- Suite -->
</testng-results>
